# JRE version: Java(TM) SE Runtime Environment (8.0_241-b07) (build 1.8.0_241-b07)
# Java VM: Java HotSpot(TM) 64-Bit Server VM (25.241-b07 mixed mode windows-amd64 compressed oops)
Heap:
 PSYoungGen      total 52736K, used 30630K [0x00000000d6000000, 0x00000000e1e80000, 0x0000000100000000)
  eden space 49664K, 56% used [0x00000000d6000000,0x00000000d7b39a28,0x00000000d9080000)
  from space 3072K, 89% used [0x00000000e1b80000,0x00000000e1e30060,0x00000000e1e80000)
  to   space 3584K, 0% used [0x00000000e1780000,0x00000000e1780000,0x00000000e1b00000)
 ParOldGen       total 86016K, used 18846K [0x0000000082000000, 0x0000000087400000, 0x00000000d6000000)
  object space 86016K, 21% used [0x0000000082000000,0x0000000083267bf8,0x0000000087400000)
 Metaspace       used 11802K, capacity 12032K, committed 12288K, reserved 1060864K
  class space    used 1351K, capacity 1424K, committed 1536K, reserved 1048576K
GC Heap History (10 events):
Event: 40.821 GC heap before
{Heap before GC invocations=50 (full 0):
 PSYoungGen      total 59392K, used 59328K [0x00000000d6000000, 0x00000000e2300000, 0x0000000100000000)
  eden space 57344K, 100% used [0x00000000d6000000,0x00000000d9800000,0x00000000d9800000)
  from space 2048K, 96% used [0x00000000e1e80000,0x00000000e2070030,0x00000000e2080000)
  to   space 2560K, 0% used [0x00000000e2080000,0x00000000e2080000,0x00000000e2300000)
 ParOldGen       total 86016K, used 18790K [0x0000000082000000, 0x0000000087400000, 0x00000000d6000000)
  object space 86016K, 21% used [0x0000000082000000,0x0000000083259bf8,0x0000000087400000)
 Metaspace       used 11776K, capacity 12020K, committed 12288K, reserved 1060864K
  class space    used 1347K, capacity 1420K, committed 1536K, reserved 1048576K
Event: 40.824 GC heap after
Heap after GC invocations=50 (full 0):
 PSYoungGen      total 58368K, used 2496K [0x00000000d6000000, 0x00000000e2300000, 0x0000000100000000)
  eden space 55808K, 0% used [0x00000000d6000000,0x00000000d6000000,0x00000000d9680000)
  from space 2560K, 97% used [0x00000000e2080000,0x00000000e22f0050,0x00000000e2300000)
  to   space 3584K, 0% used [0x00000000e1c00000,0x00000000e1c00000,0x00000000e1f80000)
 ParOldGen       total 86016K, used 18798K [0x0000000082000000, 0x0000000087400000, 0x00000000d6000000)
  object space 86016K, 21% used [0x0000000082000000,0x000000008325bbf8,0x0000000087400000)
 Metaspace       used 11776K, capacity 12020K, committed 12288K, reserved 1060864K
  class space    used 1347K, capacity 1420K, committed 1536K, reserved 1048576K
}
Event: 42.252 GC heap before
{Heap before GC invocations=51 (full 0):
 PSYoungGen      total 58368K, used 58304K [0x00000000d6000000, 0x00000000e2300000, 0x0000000100000000)
  eden space 55808K, 100% used [0x00000000d6000000,0x00000000d9680000,0x00000000d9680000)
  from space 2560K, 97% used [0x00000000e2080000,0x00000000e22f0050,0x00000000e2300000)
  to   space 3584K, 0% used [0x00000000e1c00000,0x00000000e1c00000,0x00000000e1f80000)
 ParOldGen       total 86016K, used 18798K [0x0000000082000000, 0x0000000087400000, 0x00000000d6000000)
  object space 86016K, 21% used [0x0000000082000000,0x000000008325bbf8,0x0000000087400000)
 Metaspace       used 11776K, capacity 12020K, committed 12288K, reserved 1060864K
  class space    used 1347K, capacity 1420K, committed 1536K, reserved 1048576K
Event: 42.254 GC heap after
Heap after GC invocations=51 (full 0):
 PSYoungGen      total 56320K, used 1952K [0x00000000d6000000, 0x00000000e2100000, 0x0000000100000000)
  eden space 54272K, 0% used [0x00000000d6000000,0x00000000d6000000,0x00000000d9500000)
  from space 2048K, 95% used [0x00000000e1c00000,0x00000000e1de8030,0x00000000e1e00000)
  to   space 3072K, 0% used [0x00000000e1e00000,0x00000000e1e00000,0x00000000e2100000)
 ParOldGen       total 86016K, used 18806K [0x0000000082000000, 0x0000000087400000, 0x00000000d6000000)
  object space 86016K, 21% used [0x0000000082000000,0x000000008325dbf8,0x0000000087400000)
 Metaspace       used 11776K, capacity 12020K, committed 12288K, reserved 1060864K
  class space    used 1347K, capacity 1420K, committed 1536K, reserved 1048576K
}
Event: 43.419 GC heap before
{Heap before GC invocations=52 (full 0):
 PSYoungGen      total 56320K, used 56224K [0x00000000d6000000, 0x00000000e2100000, 0x0000000100000000)
  eden space 54272K, 100% used [0x00000000d6000000,0x00000000d9500000,0x00000000d9500000)
  from space 2048K, 95% used [0x00000000e1c00000,0x00000000e1de8030,0x00000000e1e00000)
  to   space 3072K, 0% used [0x00000000e1e00000,0x00000000e1e00000,0x00000000e2100000)
 ParOldGen       total 86016K, used 18806K [0x0000000082000000, 0x0000000087400000, 0x00000000d6000000)
  object space 86016K, 21% used [0x0000000082000000,0x000000008325dbf8,0x0000000087400000)
 Metaspace       used 11776K, capacity 12020K, committed 12288K, reserved 1060864K
  class space    used 1347K, capacity 1420K, committed 1536K, reserved 1048576K
Event: 43.421 GC heap after
Heap after GC invocations=52 (full 0):
 PSYoungGen      total 55296K, used 2208K [0x00000000d6000000, 0x00000000e2080000, 0x0000000100000000)
  eden space 52736K, 0% used [0x00000000d6000000,0x00000000d6000000,0x00000000d9380000)
  from space 2560K, 86% used [0x00000000e1e00000,0x00000000e2028040,0x00000000e2080000)
  to   space 3584K, 0% used [0x00000000e1980000,0x00000000e1980000,0x00000000e1d00000)
 ParOldGen       total 86016K, used 18814K [0x0000000082000000, 0x0000000087400000, 0x00000000d6000000)
  object space 86016K, 21% used [0x0000000082000000,0x000000008325fbf8,0x0000000087400000)
 Metaspace       used 11776K, capacity 12020K, committed 12288K, reserved 1060864K
  class space    used 1347K, capacity 1420K, committed 1536K, reserved 1048576K
}
Event: 43.636 GC heap before
{Heap before GC invocations=53 (full 0):
 PSYoungGen      total 55296K, used 54944K [0x00000000d6000000, 0x00000000e2080000, 0x0000000100000000)
  eden space 52736K, 100% used [0x00000000d6000000,0x00000000d9380000,0x00000000d9380000)
  from space 2560K, 86% used [0x00000000e1e00000,0x00000000e2028040,0x00000000e2080000)
  to   space 3584K, 0% used [0x00000000e1980000,0x00000000e1980000,0x00000000e1d00000)
 ParOldGen       total 86016K, used 18814K [0x0000000082000000, 0x0000000087400000, 0x00000000d6000000)
  object space 86016K, 21% used [0x0000000082000000,0x000000008325fbf8,0x0000000087400000)
 Metaspace       used 11780K, capacity 12020K, committed 12288K, reserved 1060864K
  class space    used 1347K, capacity 1420K, committed 1536K, reserved 1048576K
Event: 43.638 GC heap after
Heap after GC invocations=53 (full 0):
 PSYoungGen      total 53248K, used 1952K [0x00000000d6000000, 0x00000000e1e80000, 0x0000000100000000)
  eden space 51200K, 0% used [0x00000000d6000000,0x00000000d6000000,0x00000000d9200000)
  from space 2048K, 95% used [0x00000000e1980000,0x00000000e1b68030,0x00000000e1b80000)
  to   space 3072K, 0% used [0x00000000e1b80000,0x00000000e1b80000,0x00000000e1e80000)
 ParOldGen       total 86016K, used 18822K [0x0000000082000000, 0x0000000087400000, 0x00000000d6000000)
  object space 86016K, 21% used [0x0000000082000000,0x0000000083261bf8,0x0000000087400000)
 Metaspace       used 11780K, capacity 12020K, committed 12288K, reserved 1060864K
  class space    used 1347K, capacity 1420K, committed 1536K, reserved 1048576K
}
Event: 44.540 GC heap before
{Heap before GC invocations=54 (full 0):
 PSYoungGen      total 53248K, used 53152K [0x00000000d6000000, 0x00000000e1e80000, 0x0000000100000000)
  eden space 51200K, 100% used [0x00000000d6000000,0x00000000d9200000,0x00000000d9200000)
  from space 2048K, 95% used [0x00000000e1980000,0x00000000e1b68030,0x00000000e1b80000)
  to   space 3072K, 0% used [0x00000000e1b80000,0x00000000e1b80000,0x00000000e1e80000)
 ParOldGen       total 86016K, used 18822K [0x0000000082000000, 0x0000000087400000, 0x00000000d6000000)
  object space 86016K, 21% used [0x0000000082000000,0x0000000083261bf8,0x0000000087400000)
 Metaspace       used 11780K, capacity 12020K, committed 12288K, reserved 1060864K
  class space    used 1347K, capacity 1420K, committed 1536K, reserved 1048576K
Event: 44.541 GC heap after
Heap after GC invocations=54 (full 0):
 PSYoungGen      total 52736K, used 2752K [0x00000000d6000000, 0x00000000e1e80000, 0x0000000100000000)
  eden space 49664K, 0% used [0x00000000d6000000,0x00000000d6000000,0x00000000d9080000)
  from space 3072K, 89% used [0x00000000e1b80000,0x00000000e1e30060,0x00000000e1e80000)
  to   space 3584K, 0% used [0x00000000e1780000,0x00000000e1780000,0x00000000e1b00000)
 ParOldGen       total 86016K, used 18846K [0x0000000082000000, 0x0000000087400000, 0x00000000d6000000)
  object space 86016K, 21% used [0x0000000082000000,0x0000000083267bf8,0x0000000087400000)
 Metaspace       used 11780K, capacity 12020K, committed 12288K, reserved 1060864K
  class space    used 1347K, capacity 1420K, committed 1536K, reserved 1048576K
}

